Using pre-set license
Built from '2020.3/staging' branch; Version is '2020.3.6f1 (338bb68529b2) revision 3378102'; Using compiler version '192528614'; Build Type 'Release'
OS: 'Windows 10 Pro; OS build 18362.1256; Version 1903; 64bit' Language: 'en' Physical Memory: 8044 MB
BatchMode: 1, IsHumanControllingUs: 0, StartBugReporterOnCrash: 0, Is64bit: 1, IsPro: 0

 COMMAND LINE ARGUMENTS:
C:\Users\marcospgp\Documents\Unity\2020.3.6f1\Editor\Unity.exe
-adb2
-batchMode
-noUpm
-name
AssetImportWorker0
-projectPath
C:/Users/marcospgp/Documents/Unity/Projects/Hand Sway
-logFile
Logs/AssetImportWorker0.log
-srvPort
56954
Successfully changed project path to: C:/Users/marcospgp/Documents/Unity/Projects/Hand Sway
C:/Users/marcospgp/Documents/Unity/Projects/Hand Sway
Using Asset Import Pipeline V2.
Refreshing native plugins compatible for Editor in 217.49 ms, found 0 plugins.
Preloading 0 native plugins for Editor in 0.00 ms.
Initialize engine version: 2020.3.6f1 (338bb68529b2)
[Subsystems] Discovering subsystems at path C:/Users/marcospgp/Documents/Unity/2020.3.6f1/Editor/Data/Resources/UnitySubsystems
[Subsystems] Discovering subsystems at path C:/Users/marcospgp/Documents/Unity/Projects/Hand Sway/Assets
GfxDevice: creating device client; threaded=0
Direct3D:
    Version:  Direct3D 11.0 [level 11.1]
    Renderer: NVIDIA GeForce GTX 1050 (ID=0x1c8d)
    Vendor:   
    VRAM:     4019 MB
    Driver:   27.21.14.5241
Initialize mono
Mono path[0] = 'C:/Users/marcospgp/Documents/Unity/2020.3.6f1/Editor/Data/Managed'
Mono path[1] = 'C:/Users/marcospgp/Documents/Unity/2020.3.6f1/Editor/Data/MonoBleedingEdge/lib/mono/unityjit'
Mono config path = 'C:/Users/marcospgp/Documents/Unity/2020.3.6f1/Editor/Data/MonoBleedingEdge/etc'
Using monoOptions --debugger-agent=transport=dt_socket,embedding=1,server=y,suspend=n,address=127.0.0.1:56184
Begin MonoManager ReloadAssembly
Registering precompiled unity dll's ...
Register platform support module: C:/Users/marcospgp/Documents/Unity/2020.3.6f1/Editor/Data/PlaybackEngines/WindowsStandaloneSupport/UnityEditor.WindowsStandalone.Extensions.dll
Registered in 0.003784 seconds.
Native extension for WindowsStandalone target not found
Refreshing native plugins compatible for Editor in 83.09 ms, found 0 plugins.
Preloading 0 native plugins for Editor in 0.00 ms.
Mono: successfully reloaded assembly
- Completed reload, in  2.095 seconds
Platform modules already initialized, skipping
Registering precompiled user dll's ...
Registered in 0.003450 seconds.
Begin MonoManager ReloadAssembly
Native extension for WindowsStandalone target not found
Refreshing native plugins compatible for Editor in 47.06 ms, found 0 plugins.
Preloading 0 native plugins for Editor in 0.00 ms.
Mono: successfully reloaded assembly
- Completed reload, in  0.992 seconds
Platform modules already initialized, skipping
========================================================================
Worker process is ready to serve import requests
Shader 'Universal Render Pipeline/Particles/Lit': fallback shader 'Universal Render Pipeline/Particles/SimpleLit' not found
Shader 'Universal Render Pipeline/Particles/Lit': fallback shader 'Universal Render Pipeline/Particles/SimpleLit' not found
Launched and connected shader compiler UnityShaderCompiler.exe after 0.04 seconds
Refreshing native plugins compatible for Editor in 0.67 ms, found 0 plugins.
Preloading 0 native plugins for Editor in 0.00 ms.
Unloading 2421 Unused Serialized files (Serialized files now loaded: 0)
System memory in use before: 114.3 MB.
System memory in use after: 111.4 MB.

Unloading 45 unused Assets to reduce memory usage. Loaded Objects now: 2827.
Total: 4.993300 ms (FindLiveObjects: 0.439400 ms CreateObjectMapping: 0.188300 ms MarkObjects: 2.559200 ms  DeleteObjects: 1.804600 ms)

========================================================================
Received Import Request.
  path: Assets/Readme.asset
  artifactKey: Guid(83c2ed844a8c74b779a4c823d16594b1) Importer(815301076,1909f56bfc062723c751e8b465ee728b)
Start importing Assets/Readme.asset using Guid(83c2ed844a8c74b779a4c823d16594b1) Importer(815301076,1909f56bfc062723c751e8b465ee728b)  -> (artifact id: 'd583f2096f29bf976b5c4e4af107c22c') in 0.039754 seconds
  Import took 0.043722 seconds .

========================================================================
Received Import Request.
  Time since last request: 1.418093 seconds.
  path: Assets/Readme.asset
  artifactKey: Guid(83c2ed844a8c74b779a4c823d16594b1) Importer(815301076,1909f56bfc062723c751e8b465ee728b)
Start importing Assets/Readme.asset using Guid(83c2ed844a8c74b779a4c823d16594b1) Importer(815301076,1909f56bfc062723c751e8b465ee728b)  -> (artifact id: 'd583f2096f29bf976b5c4e4af107c22c') in 0.006627 seconds
  Import took 0.014087 seconds .

========================================================================
Received Import Request.
  Time since last request: 138.400537 seconds.
  path: Assets/ExampleAssets/Materials/ConstructionLight_Mat.mat
  artifactKey: Guid(49076442eeb7e054b8e8869f8b40656d) Importer(815301076,1909f56bfc062723c751e8b465ee728b)
Start importing Assets/ExampleAssets/Materials/ConstructionLight_Mat.mat using Guid(49076442eeb7e054b8e8869f8b40656d) Importer(815301076,1909f56bfc062723c751e8b465ee728b)  -> (artifact id: '4a8b21f703274560af9353415c658803') in 17.048028 seconds
  Import took 17.161193 seconds .

========================================================================
Received Import Request.
  Time since last request: 0.000206 seconds.
  path: Assets/ExampleAssets/Materials/DryWall_Mat.mat
  artifactKey: Guid(a68228c24abfa2f4b8954d7b0148f799) Importer(815301076,1909f56bfc062723c751e8b465ee728b)
Start importing Assets/ExampleAssets/Materials/DryWall_Mat.mat using Guid(a68228c24abfa2f4b8954d7b0148f799) Importer(815301076,1909f56bfc062723c751e8b465ee728b)  -> (artifact id: '7fdb6544866d3898b7a03ab3e2a1afe2') in 0.338016 seconds
  Import took 0.341721 seconds .

========================================================================
Received Import Request.
  Time since last request: 0.000195 seconds.
  path: Assets/ExampleAssets/Materials/Strap_Mat.mat
  artifactKey: Guid(81c1860e7800e5340bf8a54c565ba9ea) Importer(815301076,1909f56bfc062723c751e8b465ee728b)
Start importing Assets/ExampleAssets/Materials/Strap_Mat.mat using Guid(81c1860e7800e5340bf8a54c565ba9ea) Importer(815301076,1909f56bfc062723c751e8b465ee728b)  -> (artifact id: 'c946dd86d9b7e6696d252bc63538b58c') in 0.014569 seconds
  Import took 0.018877 seconds .

========================================================================
Received Import Request.
  Time since last request: 0.000287 seconds.
  path: Assets/ExampleAssets/Materials/Plastic_Rough_Mat.mat
  artifactKey: Guid(a5aaee4111611af43b5abbff184fe5fa) Importer(815301076,1909f56bfc062723c751e8b465ee728b)
Start importing Assets/ExampleAssets/Materials/Plastic_Rough_Mat.mat using Guid(a5aaee4111611af43b5abbff184fe5fa) Importer(815301076,1909f56bfc062723c751e8b465ee728b)  -> (artifact id: '43cf6bcada0665f4d496a812ec656e42') in 0.015594 seconds
  Import took 0.021857 seconds .

========================================================================
Received Import Request.
  Time since last request: 0.000342 seconds.
  path: Assets/ExampleAssets/Materials/Ground_Mat.mat
  artifactKey: Guid(d92ef32394b5f474385d74b565a7bdd7) Importer(815301076,1909f56bfc062723c751e8b465ee728b)
Start importing Assets/ExampleAssets/Materials/Ground_Mat.mat using Guid(d92ef32394b5f474385d74b565a7bdd7) Importer(815301076,1909f56bfc062723c751e8b465ee728b)  -> (artifact id: '81366f667a8de19a6423dc097f9e0e68') in 0.015091 seconds
  Import took 0.020171 seconds .

========================================================================
Received Import Request.
  Time since last request: 0.000291 seconds.
  path: Assets/ExampleAssets/Materials/Metal_Simple_Mat.mat
  artifactKey: Guid(a0427cf339e5891468d5f2b433b2d44a) Importer(815301076,1909f56bfc062723c751e8b465ee728b)
Start importing Assets/ExampleAssets/Materials/Metal_Simple_Mat.mat using Guid(a0427cf339e5891468d5f2b433b2d44a) Importer(815301076,1909f56bfc062723c751e8b465ee728b)  -> (artifact id: '9d0446c05378e6e4471301ce07f22ede') in 0.021755 seconds
  Import took 0.028413 seconds .

========================================================================
Received Import Request.
  Time since last request: 0.000356 seconds.
  path: Assets/ExampleAssets/Materials/Plastic_Transparent.mat
  artifactKey: Guid(8a38b7350df9a9c438e568993a00e5c5) Importer(815301076,1909f56bfc062723c751e8b465ee728b)
Start importing Assets/ExampleAssets/Materials/Plastic_Transparent.mat using Guid(8a38b7350df9a9c438e568993a00e5c5) Importer(815301076,1909f56bfc062723c751e8b465ee728b)  -> (artifact id: '5541efc1e0d44533c037395085de8fdf') in 0.374940 seconds
  Import took 0.380519 seconds .

========================================================================
Received Import Request.
  Time since last request: 0.000289 seconds.
  path: Assets/ExampleAssets/Materials/Jigsaw_Mat.mat
  artifactKey: Guid(801db2d997a562b4ea333aa4593ce0f0) Importer(815301076,1909f56bfc062723c751e8b465ee728b)
Start importing Assets/ExampleAssets/Materials/Jigsaw_Mat.mat using Guid(801db2d997a562b4ea333aa4593ce0f0) Importer(815301076,1909f56bfc062723c751e8b465ee728b)  -> (artifact id: '6cd22b087095e7c49fa3181ec1c14244') in 0.015827 seconds
  Import took 0.020129 seconds .

========================================================================
Received Import Request.
  Time since last request: 0.000296 seconds.
  path: Assets/ExampleAssets/Materials/Hammer_Mat.mat
  artifactKey: Guid(4efcffd7ae23f1e41943fd914b18da10) Importer(815301076,1909f56bfc062723c751e8b465ee728b)
Start importing Assets/ExampleAssets/Materials/Hammer_Mat.mat using Guid(4efcffd7ae23f1e41943fd914b18da10) Importer(815301076,1909f56bfc062723c751e8b465ee728b)  -> (artifact id: 'b8288c260c02a5899ef556355a70c121') in 0.018779 seconds
  Import took 0.024802 seconds .

========================================================================
Received Import Request.
  Time since last request: 0.000236 seconds.
  path: Assets/ExampleAssets/Materials/Plastic_Yellow_Mat.mat
  artifactKey: Guid(bd2d742ee2ce7a740ae0cf992a38be74) Importer(815301076,1909f56bfc062723c751e8b465ee728b)
Start importing Assets/ExampleAssets/Materials/Plastic_Yellow_Mat.mat using Guid(bd2d742ee2ce7a740ae0cf992a38be74) Importer(815301076,1909f56bfc062723c751e8b465ee728b)  -> (artifact id: 'b5ebc61cf2b5ffe1bd47ce5343b28c68') in 0.011937 seconds
  Import took 0.017466 seconds .

========================================================================
Received Import Request.
  Time since last request: 0.000318 seconds.
  path: Assets/ExampleAssets/Materials/Plastic_Gray_Mat.mat
  artifactKey: Guid(4dad30bbe2213eb4d8312f7bb6190866) Importer(815301076,1909f56bfc062723c751e8b465ee728b)
Start importing Assets/ExampleAssets/Materials/Plastic_Gray_Mat.mat using Guid(4dad30bbe2213eb4d8312f7bb6190866) Importer(815301076,1909f56bfc062723c751e8b465ee728b)  -> (artifact id: '84f586865fe6cd09c1088c9088b89251') in 0.013568 seconds
  Import took 0.019822 seconds .

========================================================================
Received Import Request.
  Time since last request: 0.000257 seconds.
  path: Assets/ExampleAssets/Materials/PaintLabel_Mat.mat
  artifactKey: Guid(3da4aad06945bbf4baf801c2aacbc01e) Importer(815301076,1909f56bfc062723c751e8b465ee728b)
Start importing Assets/ExampleAssets/Materials/PaintLabel_Mat.mat using Guid(3da4aad06945bbf4baf801c2aacbc01e) Importer(815301076,1909f56bfc062723c751e8b465ee728b)  -> (artifact id: 'ca809e65a301ecf8b7d07d99e7b1d20f') in 0.334212 seconds
  Import took 0.338351 seconds .

========================================================================
Received Import Request.
  Time since last request: 0.000226 seconds.
  path: Assets/ExampleAssets/Materials/LightBulb_Mat.mat
  artifactKey: Guid(ec739259ec61f5d4ba3ed6d34fd802a6) Importer(815301076,1909f56bfc062723c751e8b465ee728b)
Start importing Assets/ExampleAssets/Materials/LightBulb_Mat.mat using Guid(ec739259ec61f5d4ba3ed6d34fd802a6) Importer(815301076,1909f56bfc062723c751e8b465ee728b)  -> (artifact id: '51ca8e7c03055024730b24d08f15a55a') in 0.276182 seconds
  Import took 0.280964 seconds .

========================================================================
Received Import Request.
  Time since last request: 0.000260 seconds.
  path: Assets/ExampleAssets/Materials/HardHat_Mat.mat
  artifactKey: Guid(e93789f0a5d66df4a81613935579642b) Importer(815301076,1909f56bfc062723c751e8b465ee728b)
Start importing Assets/ExampleAssets/Materials/HardHat_Mat.mat using Guid(e93789f0a5d66df4a81613935579642b) Importer(815301076,1909f56bfc062723c751e8b465ee728b)  -> (artifact id: '2896b9c5e8524e2cd1256df612a8359d') in 0.014574 seconds
  Import took 0.019119 seconds .

========================================================================
Received Import Request.
  Time since last request: 0.000245 seconds.
  path: Assets/ExampleAssets/Materials/Plastic_Black_Mat.mat
  artifactKey: Guid(e745492728544aa488aa0429b6068e71) Importer(815301076,1909f56bfc062723c751e8b465ee728b)
Start importing Assets/ExampleAssets/Materials/Plastic_Black_Mat.mat using Guid(e745492728544aa488aa0429b6068e71) Importer(815301076,1909f56bfc062723c751e8b465ee728b)  -> (artifact id: '82984a22a3d9a64a87f29152f6ac5da2') in 0.010646 seconds
  Import took 0.015629 seconds .

========================================================================
Received Import Request.
  Time since last request: 0.000257 seconds.
  path: Assets/ExampleAssets/Materials/DryWallPainted_Mat.mat
  artifactKey: Guid(9b8eadc4de0544646b75ddcc43f8fd06) Importer(815301076,1909f56bfc062723c751e8b465ee728b)
Start importing Assets/ExampleAssets/Materials/DryWallPainted_Mat.mat using Guid(9b8eadc4de0544646b75ddcc43f8fd06) Importer(815301076,1909f56bfc062723c751e8b465ee728b)  -> (artifact id: 'fef8d913bc746f354d7fad7c721fd372') in 0.012325 seconds
  Import took 0.016589 seconds .

========================================================================
Received Import Request.
  Time since last request: 0.000244 seconds.
  path: Assets/ExampleAssets/Materials/Plastic_Ridges_Mat.mat
  artifactKey: Guid(c05de7c865075334786e6a47a543af72) Importer(815301076,1909f56bfc062723c751e8b465ee728b)
Start importing Assets/ExampleAssets/Materials/Plastic_Ridges_Mat.mat using Guid(c05de7c865075334786e6a47a543af72) Importer(815301076,1909f56bfc062723c751e8b465ee728b)  -> (artifact id: '542bcba8c23baa819879b1b8943d7d8e') in 0.011492 seconds
  Import took 0.016490 seconds .

========================================================================
Received Import Request.
  Time since last request: 0.000326 seconds.
  path: Assets/ExampleAssets/Materials/Metal_Blue_Simple_Mat.mat
  artifactKey: Guid(cd71291c91c8cce499cb663b5db9970e) Importer(815301076,1909f56bfc062723c751e8b465ee728b)
Start importing Assets/ExampleAssets/Materials/Metal_Blue_Simple_Mat.mat using Guid(cd71291c91c8cce499cb663b5db9970e) Importer(815301076,1909f56bfc062723c751e8b465ee728b)  -> (artifact id: 'e584c9b99db5e7c3a6f099d1ed2025c5') in 0.008813 seconds
  Import took 0.013542 seconds .

========================================================================
Received Import Request.
  Time since last request: 0.000250 seconds.
  path: Assets/ExampleAssets/Materials/Paint1G_WAnim_Material.mat
  artifactKey: Guid(55c183dc45153be48a45c4e530127fb3) Importer(815301076,1909f56bfc062723c751e8b465ee728b)
Start importing Assets/ExampleAssets/Materials/Paint1G_WAnim_Material.mat using Guid(55c183dc45153be48a45c4e530127fb3) Importer(815301076,1909f56bfc062723c751e8b465ee728b)  -> (artifact id: '4e388d2c61080204dc5ae30f32f73e3a') in 0.456541 seconds
  Import took 0.462332 seconds .

========================================================================
Received Import Request.
  Time since last request: 0.000324 seconds.
  path: Assets/ExampleAssets/Materials/Plastic_White_Mat.mat
  artifactKey: Guid(6cfe423139c361a459da7ed9831d4b1c) Importer(815301076,1909f56bfc062723c751e8b465ee728b)
Start importing Assets/ExampleAssets/Materials/Plastic_White_Mat.mat using Guid(6cfe423139c361a459da7ed9831d4b1c) Importer(815301076,1909f56bfc062723c751e8b465ee728b)  -> (artifact id: '29be6c9533f8abe9e62903eee05ef2fe') in 0.009121 seconds
  Import took 0.013345 seconds .

========================================================================
Received Import Request.
  Time since last request: 0.000261 seconds.
  path: Assets/ExampleAssets/Materials/Liquid_Mat.mat
  artifactKey: Guid(c532880e607f8c84d8b9bf0c46a522ad) Importer(815301076,1909f56bfc062723c751e8b465ee728b)
Start importing Assets/ExampleAssets/Materials/Liquid_Mat.mat using Guid(c532880e607f8c84d8b9bf0c46a522ad) Importer(815301076,1909f56bfc062723c751e8b465ee728b)  -> (artifact id: 'fd31c519600f89a84263d146f48c8799') in 0.008663 seconds
  Import took 0.012914 seconds .

========================================================================
Received Import Request.
  Time since last request: 0.000302 seconds.
  path: Assets/ExampleAssets/Materials/OBS_Mat.mat
  artifactKey: Guid(c438e5c679f1be040a135443008e2fce) Importer(815301076,1909f56bfc062723c751e8b465ee728b)
Start importing Assets/ExampleAssets/Materials/OBS_Mat.mat using Guid(c438e5c679f1be040a135443008e2fce) Importer(815301076,1909f56bfc062723c751e8b465ee728b)  -> (artifact id: '6b249dd19da132dd4b21d07c8c2d2264') in 0.012334 seconds
  Import took 0.016915 seconds .

========================================================================
Received Import Request.
  Time since last request: 0.000229 seconds.
  path: Assets/ExampleAssets/Materials/PaintBrush_Mat.mat
  artifactKey: Guid(539165557a9d3744680bb21164bea45e) Importer(815301076,1909f56bfc062723c751e8b465ee728b)
Start importing Assets/ExampleAssets/Materials/PaintBrush_Mat.mat using Guid(539165557a9d3744680bb21164bea45e) Importer(815301076,1909f56bfc062723c751e8b465ee728b)  -> (artifact id: 'e0f14f00b217aa27261ba4365b075fde') in 0.014134 seconds
  Import took 0.018169 seconds .

========================================================================
Received Import Request.
  Time since last request: 0.000279 seconds.
  path: Assets/ExampleAssets/Materials/Stud_Mat.mat
  artifactKey: Guid(027cb3d3d7dc79d41ad763e01759de07) Importer(815301076,1909f56bfc062723c751e8b465ee728b)
Start importing Assets/ExampleAssets/Materials/Stud_Mat.mat using Guid(027cb3d3d7dc79d41ad763e01759de07) Importer(815301076,1909f56bfc062723c751e8b465ee728b)  -> (artifact id: '635baf4614ecaffffbb0af5b17642dd7') in 0.013727 seconds
  Import took 0.019304 seconds .

========================================================================
Received Import Request.
  Time since last request: 108.053484 seconds.
  path: Assets/ExampleAssets
  artifactKey: Guid(990f5c2df70993f4987a388ca178996a) Importer(815301076,1909f56bfc062723c751e8b465ee728b)
Start importing Assets/ExampleAssets using Guid(990f5c2df70993f4987a388ca178996a) Importer(815301076,1909f56bfc062723c751e8b465ee728b)  -> (artifact id: '356feb723a33a95275cc63f0a42e9763') in 0.003291 seconds
  Import took 0.008030 seconds .

========================================================================
Received Import Request.
  Time since last request: 8.742193 seconds.
  path: Assets/ExampleAssets/Models/brush_low.fbx
  artifactKey: Guid(aed8c47425ab91f4eb06ce6fe47c3e4e) Importer(815301076,1909f56bfc062723c751e8b465ee728b)
Start importing Assets/ExampleAssets/Models/brush_low.fbx using Guid(aed8c47425ab91f4eb06ce6fe47c3e4e) Importer(815301076,1909f56bfc062723c751e8b465ee728b)  -> (artifact id: 'ec3b7b2c47520990bc2fed9fa5c4f12f') in 0.654680 seconds
  Import took 0.658550 seconds .

========================================================================
Received Import Request.
  Time since last request: 0.000210 seconds.
  path: Assets/ExampleAssets/Models/hammer_low.fbx
  artifactKey: Guid(68a66fb5a71f8204a8dcb613c97d1fa8) Importer(815301076,1909f56bfc062723c751e8b465ee728b)
Start importing Assets/ExampleAssets/Models/hammer_low.fbx using Guid(68a66fb5a71f8204a8dcb613c97d1fa8) Importer(815301076,1909f56bfc062723c751e8b465ee728b)  -> (artifact id: 'b2d4b5739181f1e0a00bff36bb0ee7fa') in 0.015581 seconds
  Import took 0.020065 seconds .

========================================================================
Received Import Request.
  Time since last request: 0.000218 seconds.
  path: Assets/ExampleAssets/Models/safetygoggles_low.fbx
  artifactKey: Guid(6296e48663fd7ad46b1a2af507f871cf) Importer(815301076,1909f56bfc062723c751e8b465ee728b)
Start importing Assets/ExampleAssets/Models/safetygoggles_low.fbx using Guid(6296e48663fd7ad46b1a2af507f871cf) Importer(815301076,1909f56bfc062723c751e8b465ee728b)  -> (artifact id: 'ed9119111985512757cca2dbe34ffef6') in 0.030601 seconds
  Import took 0.034701 seconds .

========================================================================
Received Import Request.
  Time since last request: 0.000315 seconds.
  path: Assets/ExampleAssets/Models/Stud.fbx
  artifactKey: Guid(34624edaccd9d704a95ed404d919b492) Importer(815301076,1909f56bfc062723c751e8b465ee728b)
Start importing Assets/ExampleAssets/Models/Stud.fbx using Guid(34624edaccd9d704a95ed404d919b492) Importer(815301076,1909f56bfc062723c751e8b465ee728b)  -> (artifact id: '449d234977e7cd3dc74f1caeca2e4e39') in 0.027757 seconds
  Import took 0.032464 seconds .

========================================================================
Received Import Request.
  Time since last request: 0.000214 seconds.
  path: Assets/ExampleAssets/Models/jigsaw_low.fbx
  artifactKey: Guid(8b73e8872ca76104bbca4ee2b704a1b4) Importer(815301076,1909f56bfc062723c751e8b465ee728b)
Start importing Assets/ExampleAssets/Models/jigsaw_low.fbx using Guid(8b73e8872ca76104bbca4ee2b704a1b4) Importer(815301076,1909f56bfc062723c751e8b465ee728b)  -> (artifact id: '051d35fc05e80951e1c9dede3cfe68d5') in 0.019492 seconds
  Import took 0.023342 seconds .

========================================================================
Received Import Request.
  Time since last request: 0.000222 seconds.
  path: Assets/ExampleAssets/Models/magneticlevel_low.fbx
  artifactKey: Guid(bae110eee250e4b418b188f4ae4e3170) Importer(815301076,1909f56bfc062723c751e8b465ee728b)
Start importing Assets/ExampleAssets/Models/magneticlevel_low.fbx using Guid(bae110eee250e4b418b188f4ae4e3170) Importer(815301076,1909f56bfc062723c751e8b465ee728b)  -> (artifact id: '8a55145c1d4b931f51f7dc0a2df0e69f') in 0.029619 seconds
  Import took 0.033757 seconds .

========================================================================
Received Import Request.
  Time since last request: 0.000213 seconds.
  path: Assets/ExampleAssets/Models/brush_low.fbx
  artifactKey: Guid(aed8c47425ab91f4eb06ce6fe47c3e4e) Importer(815301076,1909f56bfc062723c751e8b465ee728b)
Start importing Assets/ExampleAssets/Models/brush_low.fbx using Guid(aed8c47425ab91f4eb06ce6fe47c3e4e) Importer(815301076,1909f56bfc062723c751e8b465ee728b)  -> (artifact id: 'ec3b7b2c47520990bc2fed9fa5c4f12f') in 0.014624 seconds
  Import took 0.018616 seconds .

========================================================================
Received Import Request.
  Time since last request: 0.000208 seconds.
  path: Assets/ExampleAssets/Models/paintbucket_low.fbx
  artifactKey: Guid(b451a052397f03c4f8a04d915d1c0492) Importer(815301076,1909f56bfc062723c751e8b465ee728b)
Start importing Assets/ExampleAssets/Models/paintbucket_low.fbx using Guid(b451a052397f03c4f8a04d915d1c0492) Importer(815301076,1909f56bfc062723c751e8b465ee728b)  -> (artifact id: '59d92995662f0def475a90de76b13b19') in 0.046221 seconds
  Import took 0.050724 seconds .

========================================================================
Received Import Request.
  Time since last request: 0.000246 seconds.
  path: Assets/ExampleAssets/Models/Workshop_Set.fbx
  artifactKey: Guid(47616bd0cda748d4cbedcfc908506b9d) Importer(815301076,1909f56bfc062723c751e8b465ee728b)
Start importing Assets/ExampleAssets/Models/Workshop_Set.fbx using Guid(47616bd0cda748d4cbedcfc908506b9d) Importer(815301076,1909f56bfc062723c751e8b465ee728b)  -> (artifact id: 'c560323517ed129c03fc6a8f8d277e9c') in 0.066156 seconds
  Import took 0.071333 seconds .

========================================================================
Received Import Request.
  Time since last request: 0.000226 seconds.
  path: Assets/ExampleAssets/Models/ConstructionLight_Low.fbx
  artifactKey: Guid(e3ae06a3979f53046aa05330d69de1fa) Importer(815301076,1909f56bfc062723c751e8b465ee728b)
Start importing Assets/ExampleAssets/Models/ConstructionLight_Low.fbx using Guid(e3ae06a3979f53046aa05330d69de1fa) Importer(815301076,1909f56bfc062723c751e8b465ee728b)  -> (artifact id: '4475ffaf5634f02af21ce59cc6d8fbb3') in 0.039406 seconds
  Import took 0.043549 seconds .

========================================================================
Received Import Request.
  Time since last request: 0.000221 seconds.
  path: Assets/ExampleAssets/Models/Workbench.fbx
  artifactKey: Guid(efe9381559c516743bd05cef82f39ebb) Importer(815301076,1909f56bfc062723c751e8b465ee728b)
Start importing Assets/ExampleAssets/Models/Workbench.fbx using Guid(efe9381559c516743bd05cef82f39ebb) Importer(815301076,1909f56bfc062723c751e8b465ee728b)  -> (artifact id: '42a907a2bcbb2c1fcfa7f94f8072604f') in 0.074611 seconds
  Import took 0.078388 seconds .

========================================================================
Received Import Request.
  Time since last request: 0.000227 seconds.
  path: Assets/ExampleAssets/Models/Workbench_Low.fbx
  artifactKey: Guid(ff6dc36862fe41641bb21568d92147c9) Importer(815301076,1909f56bfc062723c751e8b465ee728b)
Start importing Assets/ExampleAssets/Models/Workbench_Low.fbx using Guid(ff6dc36862fe41641bb21568d92147c9) Importer(815301076,1909f56bfc062723c751e8b465ee728b)  -> (artifact id: 'e2cc0993c3e047aca0ec30b4ad7ba026') in 0.079683 seconds
  Import took 0.085342 seconds .

========================================================================
Received Import Request.
  Time since last request: 0.000323 seconds.
  path: Assets/ExampleAssets/Models/safetyhat_low.fbx
  artifactKey: Guid(9d0d902f71acfe646a46cb625f815a49) Importer(815301076,1909f56bfc062723c751e8b465ee728b)
Start importing Assets/ExampleAssets/Models/safetyhat_low.fbx using Guid(9d0d902f71acfe646a46cb625f815a49) Importer(815301076,1909f56bfc062723c751e8b465ee728b)  -> (artifact id: 'ec29f45f5275c28eab77c2b20c5b64a9') in 0.017652 seconds
  Import took 0.022757 seconds .

========================================================================
Received Import Request.
  Time since last request: 0.000232 seconds.
  path: Assets/ExampleAssets/Models/small_plane.fbx
  artifactKey: Guid(aeaee610429f51f44981e141eb2a3545) Importer(815301076,1909f56bfc062723c751e8b465ee728b)
Start importing Assets/ExampleAssets/Models/small_plane.fbx using Guid(aeaee610429f51f44981e141eb2a3545) Importer(815301076,1909f56bfc062723c751e8b465ee728b)  -> (artifact id: 'de467aa102966a6ec003c8c389e9d014') in 0.015628 seconds
  Import took 0.020187 seconds .

========================================================================
Received Import Request.
  Time since last request: 4.557511 seconds.
  path: Assets/ExampleAssets/Materials
  artifactKey: Guid(ffd318dbb37362c4f8d87863d082b2fd) Importer(815301076,1909f56bfc062723c751e8b465ee728b)
Start importing Assets/ExampleAssets/Materials using Guid(ffd318dbb37362c4f8d87863d082b2fd) Importer(815301076,1909f56bfc062723c751e8b465ee728b)  -> (artifact id: 'd676944ab2a047de3ec2c42bd547dd45') in 0.002298 seconds
  Import took 0.009598 seconds .

========================================================================
Received Import Request.
  Time since last request: 5.014648 seconds.
  path: Assets/ExampleAssets/Models
  artifactKey: Guid(aa97895f3852bd44399ef0893bec4f5e) Importer(815301076,1909f56bfc062723c751e8b465ee728b)
Start importing Assets/ExampleAssets/Models using Guid(aa97895f3852bd44399ef0893bec4f5e) Importer(815301076,1909f56bfc062723c751e8b465ee728b)  -> (artifact id: '703e2291038dacdd50ead649dc8ac341') in 0.002113 seconds
  Import took 0.007887 seconds .

========================================================================
Received Import Request.
  Time since last request: 2.904214 seconds.
  path: Assets/ExampleAssets/Prefabs
  artifactKey: Guid(5e04804d4b233d04d92ef41852c3f676) Importer(815301076,1909f56bfc062723c751e8b465ee728b)
Start importing Assets/ExampleAssets/Prefabs using Guid(5e04804d4b233d04d92ef41852c3f676) Importer(815301076,1909f56bfc062723c751e8b465ee728b)  -> (artifact id: 'd9580ae49b8f5302ec8150b690b30f29') in 0.002376 seconds
  Import took 0.007462 seconds .

========================================================================
Received Import Request.
  Time since last request: 0.047459 seconds.
  path: Assets/ExampleAssets/Prefabs/Construction Light Low.prefab
  artifactKey: Guid(bf0a225a9ff184f2789f3036faaa9150) Importer(815301076,1909f56bfc062723c751e8b465ee728b)
Start importing Assets/ExampleAssets/Prefabs/Construction Light Low.prefab using Guid(bf0a225a9ff184f2789f3036faaa9150) Importer(815301076,1909f56bfc062723c751e8b465ee728b)  -> (artifact id: '3d786243055a79bd90d37ccd335b5e4a') in 0.011731 seconds
  Import took 0.016106 seconds .

========================================================================
Received Import Request.
  Time since last request: 0.000278 seconds.
  path: Assets/ExampleAssets/Prefabs/Workshop Set.prefab
  artifactKey: Guid(a87f0180d46fd334b9025d0314a0dc70) Importer(815301076,1909f56bfc062723c751e8b465ee728b)
Start importing Assets/ExampleAssets/Prefabs/Workshop Set.prefab using Guid(a87f0180d46fd334b9025d0314a0dc70) Importer(815301076,1909f56bfc062723c751e8b465ee728b)  -> (artifact id: '372a76779e1f4964cf863fbcfe596acc') in 0.023157 seconds
  Import took 0.027174 seconds .

========================================================================
Received Import Request.
  Time since last request: 0.000255 seconds.
  path: Assets/ExampleAssets/Prefabs/Paint Supplies.prefab
  artifactKey: Guid(283e6530a665e4513959d1cd4883682f) Importer(815301076,1909f56bfc062723c751e8b465ee728b)
Start importing Assets/ExampleAssets/Prefabs/Paint Supplies.prefab using Guid(283e6530a665e4513959d1cd4883682f) Importer(815301076,1909f56bfc062723c751e8b465ee728b)  -> (artifact id: '10216f70ad4ffbc42425fa5edfc125b8') in 0.023610 seconds
  Import took 0.027419 seconds .

========================================================================
Received Import Request.
  Time since last request: 0.000273 seconds.
  path: Assets/ExampleAssets/Prefabs/Workbench_LOD0.prefab
  artifactKey: Guid(c0adcaeba3022437293536832628fdf8) Importer(815301076,1909f56bfc062723c751e8b465ee728b)
Start importing Assets/ExampleAssets/Prefabs/Workbench_LOD0.prefab using Guid(c0adcaeba3022437293536832628fdf8) Importer(815301076,1909f56bfc062723c751e8b465ee728b)  -> (artifact id: 'c456f082013acc368697c267880f1b79') in 0.018482 seconds
  Import took 0.023255 seconds .

========================================================================
Received Import Request.
  Time since last request: 0.000340 seconds.
  path: Assets/ExampleAssets/Prefabs/Workbench.prefab
  artifactKey: Guid(8850d132797ff49298ba781e8e1c9bfe) Importer(815301076,1909f56bfc062723c751e8b465ee728b)
Start importing Assets/ExampleAssets/Prefabs/Workbench.prefab using Guid(8850d132797ff49298ba781e8e1c9bfe) Importer(815301076,1909f56bfc062723c751e8b465ee728b)  -> (artifact id: '25349bdaf5c2aea9ca483a2f2bf191d3') in 0.033599 seconds
  Import took 0.038573 seconds .

========================================================================
Received Import Request.
  Time since last request: 0.000201 seconds.
  path: Assets/ExampleAssets/Prefabs/Props.prefab
  artifactKey: Guid(85dfab9623c67784fa7894de63cd1604) Importer(815301076,1909f56bfc062723c751e8b465ee728b)
Start importing Assets/ExampleAssets/Prefabs/Props.prefab using Guid(85dfab9623c67784fa7894de63cd1604) Importer(815301076,1909f56bfc062723c751e8b465ee728b)  -> (artifact id: 'd3720cfdf57604feaf2d82e36031fe77') in 0.055595 seconds
  Import took 0.060354 seconds .

========================================================================
Received Import Request.
  Time since last request: 0.000273 seconds.
  path: Assets/ExampleAssets/Prefabs/Workbench_LOD1.prefab
  artifactKey: Guid(38d5ecfa2b93c4095b4cc5d4a590e676) Importer(815301076,1909f56bfc062723c751e8b465ee728b)
Start importing Assets/ExampleAssets/Prefabs/Workbench_LOD1.prefab using Guid(38d5ecfa2b93c4095b4cc5d4a590e676) Importer(815301076,1909f56bfc062723c751e8b465ee728b)  -> (artifact id: '5745b8d08dd0026ad5a1c0881dc55b72') in 0.015291 seconds
  Import took 0.020272 seconds .

========================================================================
Received Import Request.
  Time since last request: 0.003132 seconds.
  path: Assets/ExampleAssets/Prefabs/Workbench_LOD1.prefab
  artifactKey: Guid(38d5ecfa2b93c4095b4cc5d4a590e676) Importer(815301076,1909f56bfc062723c751e8b465ee728b)
Start importing Assets/ExampleAssets/Prefabs/Workbench_LOD1.prefab using Guid(38d5ecfa2b93c4095b4cc5d4a590e676) Importer(815301076,1909f56bfc062723c751e8b465ee728b)  -> (artifact id: '5745b8d08dd0026ad5a1c0881dc55b72') in 0.016054 seconds
  Import took 0.020879 seconds .

========================================================================
Received Import Request.
  Time since last request: 1.278365 seconds.
  path: Assets/ExampleAssets/Shaders
  artifactKey: Guid(eb6819cbd279a3941a65f1689b2f621e) Importer(815301076,1909f56bfc062723c751e8b465ee728b)
Start importing Assets/ExampleAssets/Shaders using Guid(eb6819cbd279a3941a65f1689b2f621e) Importer(815301076,1909f56bfc062723c751e8b465ee728b)  -> (artifact id: 'dfb7c02e792498f5fd01ba55d72467fe') in 0.002196 seconds
  Import took 0.007957 seconds .

========================================================================
Received Import Request.
  Time since last request: 1.394253 seconds.
  path: Assets/ExampleAssets/Textures
  artifactKey: Guid(1cc500c8cdb999142b9017ebf0cf407d) Importer(815301076,1909f56bfc062723c751e8b465ee728b)
Start importing Assets/ExampleAssets/Textures using Guid(1cc500c8cdb999142b9017ebf0cf407d) Importer(815301076,1909f56bfc062723c751e8b465ee728b)  -> (artifact id: 'd28cfc3597f7cde9558026132145160c') in 0.002230 seconds
  Import took 0.006487 seconds .

========================================================================
Received Import Request.
  Time since last request: 3.720014 seconds.
  path: Assets/ExampleAssets/Textures/Concrete
  artifactKey: Guid(47c259102c9296845a85c9d7207b82f2) Importer(815301076,1909f56bfc062723c751e8b465ee728b)
Start importing Assets/ExampleAssets/Textures/Concrete using Guid(47c259102c9296845a85c9d7207b82f2) Importer(815301076,1909f56bfc062723c751e8b465ee728b)  -> (artifact id: 'f15bfe146a7b76b969d48a67278f2856') in 0.002696 seconds
  Import took 0.008530 seconds .

========================================================================
Received Import Request.
  Time since last request: 0.058454 seconds.
  path: Assets/ExampleAssets/Textures/Concrete/Ground_Albedo.tif
  artifactKey: Guid(87ce03bd447ccce48bbff87ac0d8355f) Importer(815301076,1909f56bfc062723c751e8b465ee728b)
Start importing Assets/ExampleAssets/Textures/Concrete/Ground_Albedo.tif using Guid(87ce03bd447ccce48bbff87ac0d8355f) Importer(815301076,1909f56bfc062723c751e8b465ee728b)  -> (artifact id: '6bb84f98223d68732c84ef9359926e89') in 0.020010 seconds
  Import took 0.023905 seconds .

========================================================================
Received Import Request.
  Time since last request: 0.000259 seconds.
  path: Assets/ExampleAssets/Textures/Concrete/Ground_MetallicOcculusionSmoothness.tif
  artifactKey: Guid(a8d38587573a5f34c91c4ae0fbd8bfef) Importer(815301076,1909f56bfc062723c751e8b465ee728b)
Start importing Assets/ExampleAssets/Textures/Concrete/Ground_MetallicOcculusionSmoothness.tif using Guid(a8d38587573a5f34c91c4ae0fbd8bfef) Importer(815301076,1909f56bfc062723c751e8b465ee728b)  -> (artifact id: '35e3cce565df4f61c6bac1d406787ce1') in 0.007583 seconds
  Import took 0.011448 seconds .

========================================================================
Received Import Request.
  Time since last request: 0.000316 seconds.
  path: Assets/ExampleAssets/Textures/Concrete/Ground_Normal.tif
  artifactKey: Guid(fab85e0cacda9644a99e5182a86b71f5) Importer(815301076,1909f56bfc062723c751e8b465ee728b)
Start importing Assets/ExampleAssets/Textures/Concrete/Ground_Normal.tif using Guid(fab85e0cacda9644a99e5182a86b71f5) Importer(815301076,1909f56bfc062723c751e8b465ee728b)  -> (artifact id: 'd23078c3cea272a2729ae29b95679d82') in 0.010104 seconds
  Import took 0.014413 seconds .

========================================================================
Received Import Request.
  Time since last request: 1.293085 seconds.
  path: Assets/ExampleAssets/Textures/Drywall
  artifactKey: Guid(0389f6104fd857940908a1705ab749f3) Importer(815301076,1909f56bfc062723c751e8b465ee728b)
Start importing Assets/ExampleAssets/Textures/Drywall using Guid(0389f6104fd857940908a1705ab749f3) Importer(815301076,1909f56bfc062723c751e8b465ee728b)  -> (artifact id: '4311183a0ed52952140cbf5bb4e3401d') in 0.002322 seconds
  Import took 0.006258 seconds .

========================================================================
Received Import Request.
  Time since last request: 0.075094 seconds.
  path: Assets/ExampleAssets/Textures/Drywall/Drywall_Albedo.tif
  artifactKey: Guid(eae496078d11426448124eaf8b285e6b) Importer(815301076,1909f56bfc062723c751e8b465ee728b)
Start importing Assets/ExampleAssets/Textures/Drywall/Drywall_Albedo.tif using Guid(eae496078d11426448124eaf8b285e6b) Importer(815301076,1909f56bfc062723c751e8b465ee728b)  -> (artifact id: '9f0f30d3329a4e9da2e16f8f629d583e') in 0.005997 seconds
  Import took 0.010296 seconds .

========================================================================
Received Import Request.
  Time since last request: 0.000255 seconds.
  path: Assets/ExampleAssets/Textures/Drywall/Drywall_AlbedoSmoothness.tif
  artifactKey: Guid(3e11968c372730442aae3b4f7c909931) Importer(815301076,1909f56bfc062723c751e8b465ee728b)
Start importing Assets/ExampleAssets/Textures/Drywall/Drywall_AlbedoSmoothness.tif using Guid(3e11968c372730442aae3b4f7c909931) Importer(815301076,1909f56bfc062723c751e8b465ee728b)  -> (artifact id: 'dd1b16aebb07f6d201510f5317921391') in 0.008549 seconds
  Import took 0.013150 seconds .

========================================================================
Received Import Request.
  Time since last request: 0.000353 seconds.
  path: Assets/ExampleAssets/Textures/Drywall/Drywall_Normal.tif
  artifactKey: Guid(e231e4c02c48ee14aafa55f7b1a843c1) Importer(815301076,1909f56bfc062723c751e8b465ee728b)
Start importing Assets/ExampleAssets/Textures/Drywall/Drywall_Normal.tif using Guid(e231e4c02c48ee14aafa55f7b1a843c1) Importer(815301076,1909f56bfc062723c751e8b465ee728b)  -> (artifact id: 'f0f1889f10c1637e240c6aae4cc1cb2b') in 0.006750 seconds
  Import took 0.010729 seconds .

========================================================================
Received Import Request.
  Time since last request: 0.000258 seconds.
  path: Assets/ExampleAssets/Textures/Drywall/DrywallPainted_Normal.tif
  artifactKey: Guid(2cd242c9999e92b4ca96dab876cfaf13) Importer(815301076,1909f56bfc062723c751e8b465ee728b)
Start importing Assets/ExampleAssets/Textures/Drywall/DrywallPainted_Normal.tif using Guid(2cd242c9999e92b4ca96dab876cfaf13) Importer(815301076,1909f56bfc062723c751e8b465ee728b)  -> (artifact id: '853b1507ee4a1c837cc503e6e6a2c380') in 0.007938 seconds
  Import took 0.012039 seconds .

========================================================================
Received Import Request.
  Time since last request: 1.416058 seconds.
  path: Assets/ExampleAssets/Textures/Metal
  artifactKey: Guid(c805204817006b648aa2d0cb8f7861d8) Importer(815301076,1909f56bfc062723c751e8b465ee728b)
Start importing Assets/ExampleAssets/Textures/Metal using Guid(c805204817006b648aa2d0cb8f7861d8) Importer(815301076,1909f56bfc062723c751e8b465ee728b)  -> (artifact id: '3fd19fb2fcb91cfc443b3eeb79be4e84') in 0.002444 seconds
  Import took 0.006935 seconds .

========================================================================
Received Import Request.
  Time since last request: 0.000725 seconds.
  path: Assets/ExampleAssets/Textures/Metal
  artifactKey: Guid(c805204817006b648aa2d0cb8f7861d8) Importer(815301076,1909f56bfc062723c751e8b465ee728b)
Start importing Assets/ExampleAssets/Textures/Metal using Guid(c805204817006b648aa2d0cb8f7861d8) Importer(815301076,1909f56bfc062723c751e8b465ee728b)  -> (artifact id: '3fd19fb2fcb91cfc443b3eeb79be4e84') in 0.001764 seconds
  Import took 0.006238 seconds .

========================================================================
Received Import Request.
  Time since last request: 0.055858 seconds.
  path: Assets/ExampleAssets/Textures/Metal/Metal_Albedo.tif
  artifactKey: Guid(77583f99dea53b641804bb357092ec83) Importer(815301076,1909f56bfc062723c751e8b465ee728b)
Start importing Assets/ExampleAssets/Textures/Metal/Metal_Albedo.tif using Guid(77583f99dea53b641804bb357092ec83) Importer(815301076,1909f56bfc062723c751e8b465ee728b)  -> (artifact id: '2b679317d6d550ca041849c44fd15239') in 0.006061 seconds
  Import took 0.012009 seconds .

========================================================================
Received Import Request.
  Time since last request: 0.000300 seconds.
  path: Assets/ExampleAssets/Textures/Metal/Metal_MetallicSmoothness.tif
  artifactKey: Guid(40da0395b61db4448b98bab66d6b549c) Importer(815301076,1909f56bfc062723c751e8b465ee728b)
Start importing Assets/ExampleAssets/Textures/Metal/Metal_MetallicSmoothness.tif using Guid(40da0395b61db4448b98bab66d6b549c) Importer(815301076,1909f56bfc062723c751e8b465ee728b)  -> (artifact id: '824d8bd75d1621d4da3b1f18dc0217e4') in 0.005658 seconds
  Import took 0.009052 seconds .

========================================================================
Received Import Request.
  Time since last request: 0.000324 seconds.
  path: Assets/ExampleAssets/Textures/Metal/Metal_Normal.tif
  artifactKey: Guid(3b0b7c1f4ac9f6b499e27cf84e722ff4) Importer(815301076,1909f56bfc062723c751e8b465ee728b)
Start importing Assets/ExampleAssets/Textures/Metal/Metal_Normal.tif using Guid(3b0b7c1f4ac9f6b499e27cf84e722ff4) Importer(815301076,1909f56bfc062723c751e8b465ee728b)  -> (artifact id: 'ce1f7480a092ddce3e835aa7b35490af') in 0.006026 seconds
  Import took 0.010228 seconds .

========================================================================
Received Import Request.
  Time since last request: 1.213879 seconds.
  path: Assets/ExampleAssets/Textures/Plastic
  artifactKey: Guid(64d6ecb2a87dd444b85a7ff79b149c04) Importer(815301076,1909f56bfc062723c751e8b465ee728b)
Start importing Assets/ExampleAssets/Textures/Plastic using Guid(64d6ecb2a87dd444b85a7ff79b149c04) Importer(815301076,1909f56bfc062723c751e8b465ee728b)  -> (artifact id: '0c099040949d47c592489702ac85f663') in 0.002205 seconds
  Import took 0.006204 seconds .

========================================================================
Received Import Request.
  Time since last request: 0.062036 seconds.
  path: Assets/ExampleAssets/Textures/Plastic/Elastic_MetallicOcculusionSmoothness.tif
  artifactKey: Guid(f5df2fb0c070b57429f8ca23b216093b) Importer(815301076,1909f56bfc062723c751e8b465ee728b)
Start importing Assets/ExampleAssets/Textures/Plastic/Elastic_MetallicOcculusionSmoothness.tif using Guid(f5df2fb0c070b57429f8ca23b216093b) Importer(815301076,1909f56bfc062723c751e8b465ee728b)  -> (artifact id: 'cf29938e99606b7c35f5ad6e37951e04') in 0.006516 seconds
  Import took 0.010366 seconds .

========================================================================
Received Import Request.
  Time since last request: 0.000250 seconds.
  path: Assets/ExampleAssets/Textures/Plastic/PlasticRough_Albedo.tif
  artifactKey: Guid(7b82d12aad56cc445b99fd1cf06a232d) Importer(815301076,1909f56bfc062723c751e8b465ee728b)
Start importing Assets/ExampleAssets/Textures/Plastic/PlasticRough_Albedo.tif using Guid(7b82d12aad56cc445b99fd1cf06a232d) Importer(815301076,1909f56bfc062723c751e8b465ee728b)  -> (artifact id: 'c6767f41d55a9ca107fb6e020049ac3c') in 0.006237 seconds
  Import took 0.011727 seconds .

========================================================================
Received Import Request.
  Time since last request: 0.000358 seconds.
  path: Assets/ExampleAssets/Textures/Plastic/PlasticRidges_Normal.tif
  artifactKey: Guid(c021d051fa0cba84282b4a2577aa85c5) Importer(815301076,1909f56bfc062723c751e8b465ee728b)
Start importing Assets/ExampleAssets/Textures/Plastic/PlasticRidges_Normal.tif using Guid(c021d051fa0cba84282b4a2577aa85c5) Importer(815301076,1909f56bfc062723c751e8b465ee728b)  -> (artifact id: 'c325320b4d857f898a8889c2de5537d0') in 0.007552 seconds
  Import took 0.012110 seconds .

========================================================================
Received Import Request.
  Time since last request: 0.000278 seconds.
  path: Assets/ExampleAssets/Textures/Plastic/Plastic_AlbedoSmoothness.tif
  artifactKey: Guid(1f89fed00b6bc904c861ab847a811cb8) Importer(815301076,1909f56bfc062723c751e8b465ee728b)
Start importing Assets/ExampleAssets/Textures/Plastic/Plastic_AlbedoSmoothness.tif using Guid(1f89fed00b6bc904c861ab847a811cb8) Importer(815301076,1909f56bfc062723c751e8b465ee728b)  -> (artifact id: '625eae3f481d29467ee44946a9cea526') in 0.006136 seconds
  Import took 0.010821 seconds .

========================================================================
Received Import Request.
  Time since last request: 0.000327 seconds.
  path: Assets/ExampleAssets/Textures/Plastic/Plastic_Normal.tif
  artifactKey: Guid(e109905c411b0f84e82eaaf2705ece30) Importer(815301076,1909f56bfc062723c751e8b465ee728b)
Start importing Assets/ExampleAssets/Textures/Plastic/Plastic_Normal.tif using Guid(e109905c411b0f84e82eaaf2705ece30) Importer(815301076,1909f56bfc062723c751e8b465ee728b)  -> (artifact id: '4cee671ebd11859dd143845be2bec584') in 0.007780 seconds
  Import took 0.011612 seconds .

========================================================================
Received Import Request.
  Time since last request: 0.000228 seconds.
  path: Assets/ExampleAssets/Textures/Plastic/Elastic_Normal.tif
  artifactKey: Guid(db17334dfe5991a4bbe241ee9a728c38) Importer(815301076,1909f56bfc062723c751e8b465ee728b)
Start importing Assets/ExampleAssets/Textures/Plastic/Elastic_Normal.tif using Guid(db17334dfe5991a4bbe241ee9a728c38) Importer(815301076,1909f56bfc062723c751e8b465ee728b)  -> (artifact id: 'fdc987100302acb627fb62dc2ceb5661') in 0.007874 seconds
  Import took 0.012391 seconds .

========================================================================
Received Import Request.
  Time since last request: 0.000266 seconds.
  path: Assets/ExampleAssets/Textures/Plastic/PlasticRidges_Albedo.tif
  artifactKey: Guid(ecb23393a0d1b424a82fff68a4c00a66) Importer(815301076,1909f56bfc062723c751e8b465ee728b)
Start importing Assets/ExampleAssets/Textures/Plastic/PlasticRidges_Albedo.tif using Guid(ecb23393a0d1b424a82fff68a4c00a66) Importer(815301076,1909f56bfc062723c751e8b465ee728b)  -> (artifact id: 'fddbe49ec6c4e832cba987377960cbcf') in 0.007610 seconds
  Import took 0.011573 seconds .

========================================================================
Received Import Request.
  Time since last request: 0.000292 seconds.
  path: Assets/ExampleAssets/Textures/Plastic/PlasticRidges_MetallicOcculusionSmoothness.tif
  artifactKey: Guid(201c1f77fe872924a86132486bc97e82) Importer(815301076,1909f56bfc062723c751e8b465ee728b)
Start importing Assets/ExampleAssets/Textures/Plastic/PlasticRidges_MetallicOcculusionSmoothness.tif using Guid(201c1f77fe872924a86132486bc97e82) Importer(815301076,1909f56bfc062723c751e8b465ee728b)  -> (artifact id: 'dc06ac8f592f785f2cc08660296d6746') in 0.007528 seconds
  Import took 0.011701 seconds .

========================================================================
Received Import Request.
  Time since last request: 0.000293 seconds.
  path: Assets/ExampleAssets/Textures/Plastic/PlasticRough_MetallicOcculusionSmoothness.tif
  artifactKey: Guid(ee7680f1374ab4449b6d5f6b2c2c1936) Importer(815301076,1909f56bfc062723c751e8b465ee728b)
Start importing Assets/ExampleAssets/Textures/Plastic/PlasticRough_MetallicOcculusionSmoothness.tif using Guid(ee7680f1374ab4449b6d5f6b2c2c1936) Importer(815301076,1909f56bfc062723c751e8b465ee728b)  -> (artifact id: '1126ecb336183e9d59a331394160d3b0') in 0.010981 seconds
  Import took 0.015905 seconds .

========================================================================
Received Import Request.
  Time since last request: 2.574954 seconds.
  path: Assets/ExampleAssets/Shaders/Paint1G_WAnim_Shader.shadergraph
  artifactKey: Guid(5e5eca56e1993e741b41ac9c687d01a5) Importer(815301076,1909f56bfc062723c751e8b465ee728b)
Start importing Assets/ExampleAssets/Shaders/Paint1G_WAnim_Shader.shadergraph using Guid(5e5eca56e1993e741b41ac9c687d01a5) Importer(815301076,1909f56bfc062723c751e8b465ee728b)  -> (artifact id: '2edcad81dc94eb4f63e692937bafba39') in 0.004595 seconds
  Import took 0.008494 seconds .

========================================================================
Received Import Request.
  Time since last request: 0.713323 seconds.
  path: Assets/ExampleAssets/Shaders/Paint1G_WAnim_Shader.shadergraph
  artifactKey: Guid(5e5eca56e1993e741b41ac9c687d01a5) Importer(815301076,1909f56bfc062723c751e8b465ee728b)
Start importing Assets/ExampleAssets/Shaders/Paint1G_WAnim_Shader.shadergraph using Guid(5e5eca56e1993e741b41ac9c687d01a5) Importer(815301076,1909f56bfc062723c751e8b465ee728b)  -> (artifact id: '2edcad81dc94eb4f63e692937bafba39') in 0.002282 seconds
  Import took 0.006617 seconds .

========================================================================
Received Import Request.
  Time since last request: 17.457550 seconds.
  path: Assets/Materials
  artifactKey: Guid(d0234ba368eeec9418390da711bfdad0) Importer(815301076,1909f56bfc062723c751e8b465ee728b)
Start importing Assets/Materials using Guid(d0234ba368eeec9418390da711bfdad0) Importer(815301076,1909f56bfc062723c751e8b465ee728b)  -> (artifact id: 'd8beee5a270c09a4d67f07e28c00e694') in 0.002178 seconds
  Import took 0.007891 seconds .

========================================================================
Received Import Request.
  Time since last request: 1.181634 seconds.
  path: Assets/Scenes
  artifactKey: Guid(5cceb7163499d4a4f9be25c3fb37cee0) Importer(815301076,1909f56bfc062723c751e8b465ee728b)
Start importing Assets/Scenes using Guid(5cceb7163499d4a4f9be25c3fb37cee0) Importer(815301076,1909f56bfc062723c751e8b465ee728b)  -> (artifact id: 'a689bb9dd7f50d52be0a2da61c4e3190') in 0.002925 seconds
  Import took 0.011788 seconds .

========================================================================
Received Import Request.
  Time since last request: 7.414483 seconds.
  path: Assets/Scripts
  artifactKey: Guid(02a3527b6b33a924e8ec66aa805ea717) Importer(815301076,1909f56bfc062723c751e8b465ee728b)
Start importing Assets/Scripts using Guid(02a3527b6b33a924e8ec66aa805ea717) Importer(815301076,1909f56bfc062723c751e8b465ee728b)  -> (artifact id: '232ef37dc85f87a37df27b12954ac0c1') in 0.002384 seconds
  Import took 0.007813 seconds .

========================================================================
Received Import Request.
  Time since last request: 0.954532 seconds.
  path: Assets/Scripts/SimpleCameraController.cs
  artifactKey: Guid(be76e5f14cfee674cb30b491fb72b09b) Importer(815301076,1909f56bfc062723c751e8b465ee728b)
Start importing Assets/Scripts/SimpleCameraController.cs using Guid(be76e5f14cfee674cb30b491fb72b09b) Importer(815301076,1909f56bfc062723c751e8b465ee728b)  -> (artifact id: 'dd5ab124373d224e407433da54c12754') in 0.005501 seconds
  Import took 0.010430 seconds .

========================================================================
Received Import Request.
  Time since last request: 0.000721 seconds.
  path: Assets/Scripts/SimpleCameraController.cs
  artifactKey: Guid(be76e5f14cfee674cb30b491fb72b09b) Importer(815301076,1909f56bfc062723c751e8b465ee728b)
Start importing Assets/Scripts/SimpleCameraController.cs using Guid(be76e5f14cfee674cb30b491fb72b09b) Importer(815301076,1909f56bfc062723c751e8b465ee728b)  -> (artifact id: 'dd5ab124373d224e407433da54c12754') in 0.002794 seconds
  Import took 0.006701 seconds .

========================================================================
Received Import Request.
  Time since last request: 6.750625 seconds.
  path: Assets/Settings
  artifactKey: Guid(0735c275001a2c84dafdb30deced5d8d) Importer(815301076,1909f56bfc062723c751e8b465ee728b)
Start importing Assets/Settings using Guid(0735c275001a2c84dafdb30deced5d8d) Importer(815301076,1909f56bfc062723c751e8b465ee728b)  -> (artifact id: '034abd9386bc40b6b7116f0a736c959b') in 0.002604 seconds
  Import took 0.008365 seconds .

========================================================================
Received Import Request.
  Time since last request: 0.000583 seconds.
  path: Assets/Settings
  artifactKey: Guid(0735c275001a2c84dafdb30deced5d8d) Importer(815301076,1909f56bfc062723c751e8b465ee728b)
Start importing Assets/Settings using Guid(0735c275001a2c84dafdb30deced5d8d) Importer(815301076,1909f56bfc062723c751e8b465ee728b)  -> (artifact id: '034abd9386bc40b6b7116f0a736c959b') in 0.001930 seconds
  Import took 0.005616 seconds .

========================================================================
Received Import Request.
  Time since last request: 0.048635 seconds.
  path: Assets/Settings/ForwardRenderer.asset
  artifactKey: Guid(4a8e21d5c33334b11b34a596161b9360) Importer(815301076,1909f56bfc062723c751e8b465ee728b)
Start importing Assets/Settings/ForwardRenderer.asset using Guid(4a8e21d5c33334b11b34a596161b9360) Importer(815301076,1909f56bfc062723c751e8b465ee728b)  -> (artifact id: '64f1b721b9033386cc7ae3639309a8f1') in 0.003591 seconds
  Import took 0.008778 seconds .

========================================================================
Received Import Request.
  Time since last request: 0.000315 seconds.
  path: Assets/Settings/SampleSceneProfile.asset
  artifactKey: Guid(10fc4df2da32a41aaa32d77bc913491c) Importer(815301076,1909f56bfc062723c751e8b465ee728b)
Start importing Assets/Settings/SampleSceneProfile.asset using Guid(10fc4df2da32a41aaa32d77bc913491c) Importer(815301076,1909f56bfc062723c751e8b465ee728b)  -> (artifact id: '9bd374f5fabea6b04aae2ea3df84fbd1') in 0.005748 seconds
  Import took 0.009910 seconds .

========================================================================
Received Import Request.
  Time since last request: 0.000294 seconds.
  path: Assets/Settings/UniversalRP-LowQuality.asset
  artifactKey: Guid(a31e9f9f9c9d4b9429ed0d1234e22103) Importer(815301076,1909f56bfc062723c751e8b465ee728b)
Start importing Assets/Settings/UniversalRP-LowQuality.asset using Guid(a31e9f9f9c9d4b9429ed0d1234e22103) Importer(815301076,1909f56bfc062723c751e8b465ee728b)  -> (artifact id: '3acdd0a2f2c20fa28ac09540cf5be146') in 0.003679 seconds
  Import took 0.007573 seconds .

========================================================================
Received Import Request.
  Time since last request: 0.000328 seconds.
  path: Assets/Settings/UniversalRP-MediumQuality.asset
  artifactKey: Guid(d847b876476d3d6468f5dfcd34266f96) Importer(815301076,1909f56bfc062723c751e8b465ee728b)
Start importing Assets/Settings/UniversalRP-MediumQuality.asset using Guid(d847b876476d3d6468f5dfcd34266f96) Importer(815301076,1909f56bfc062723c751e8b465ee728b)  -> (artifact id: 'e0c9662a3a8bb7b6cf47a32505d29682') in 0.003537 seconds
  Import took 0.007480 seconds .

========================================================================
Received Import Request.
  Time since last request: 0.000299 seconds.
  path: Assets/Settings/UniversalRP-HighQuality.asset
  artifactKey: Guid(19ba41d7c0026c3459d37c2fe90c55a0) Importer(815301076,1909f56bfc062723c751e8b465ee728b)
Start importing Assets/Settings/UniversalRP-HighQuality.asset using Guid(19ba41d7c0026c3459d37c2fe90c55a0) Importer(815301076,1909f56bfc062723c751e8b465ee728b)  -> (artifact id: '5b99675a4c60703951a6cc20eda419bf') in 0.004383 seconds
  Import took 0.008658 seconds .

========================================================================
Received Import Request.
  Time since last request: 1.734598 seconds.
  path: Assets/TutorialInfo
  artifactKey: Guid(49110bb8dcada46328ad741970bce702) Importer(815301076,1909f56bfc062723c751e8b465ee728b)
Start importing Assets/TutorialInfo using Guid(49110bb8dcada46328ad741970bce702) Importer(815301076,1909f56bfc062723c751e8b465ee728b)  -> (artifact id: '634456bad4a6d90c04ba0dad39dcf9f3') in 0.002454 seconds
  Import took 0.006461 seconds .

========================================================================
Received Prepare
Registering precompiled user dll's ...
Registered in 0.001374 seconds.
Begin MonoManager ReloadAssembly
Native extension for WindowsStandalone target not found
Refreshing native plugins compatible for Editor in 0.40 ms, found 0 plugins.
Preloading 0 native plugins for Editor in 0.00 ms.
Mono: successfully reloaded assembly
- Completed reload, in  0.863 seconds
Platform modules already initialized, skipping
Shader 'Universal Render Pipeline/Particles/Lit': fallback shader 'Universal Render Pipeline/Particles/SimpleLit' not found
Shader 'Universal Render Pipeline/Particles/Lit': fallback shader 'Universal Render Pipeline/Particles/SimpleLit' not found
Refreshing native plugins compatible for Editor in 0.37 ms, found 0 plugins.
Preloading 0 native plugins for Editor in 0.00 ms.
Unloading 2346 Unused Serialized files (Serialized files now loaded: 0)
System memory in use before: 117.1 MB.
System memory in use after: 114.4 MB.

Unloading 41 unused Assets to reduce memory usage. Loaded Objects now: 2918.
Total: 3.367200 ms (FindLiveObjects: 0.326900 ms CreateObjectMapping: 0.143600 ms MarkObjects: 1.669700 ms  DeleteObjects: 1.225700 ms)

========================================================================
Received Prepare
Registering precompiled user dll's ...
Registered in 0.001404 seconds.
Begin MonoManager ReloadAssembly
Native extension for WindowsStandalone target not found
Refreshing native plugins compatible for Editor in 0.39 ms, found 0 plugins.
Preloading 0 native plugins for Editor in 0.00 ms.
Mono: successfully reloaded assembly
- Completed reload, in  0.896 seconds
Platform modules already initialized, skipping
Shader 'Universal Render Pipeline/Particles/Lit': fallback shader 'Universal Render Pipeline/Particles/SimpleLit' not found
Shader 'Universal Render Pipeline/Particles/Lit': fallback shader 'Universal Render Pipeline/Particles/SimpleLit' not found
Refreshing native plugins compatible for Editor in 0.39 ms, found 0 plugins.
Preloading 0 native plugins for Editor in 0.00 ms.
Unloading 2343 Unused Serialized files (Serialized files now loaded: 0)
System memory in use before: 117.1 MB.
System memory in use after: 114.3 MB.

Unloading 41 unused Assets to reduce memory usage. Loaded Objects now: 2920.
Total: 3.784700 ms (FindLiveObjects: 0.433100 ms CreateObjectMapping: 0.163400 ms MarkObjects: 1.848100 ms  DeleteObjects: 1.338800 ms)

========================================================================
Received Import Request.
  Time since last request: 51.624416 seconds.
  path: Assets/Presets
  artifactKey: Guid(558255460b74ec04fa70b5570e9327bd) Importer(815301076,1909f56bfc062723c751e8b465ee728b)
Start importing Assets/Presets using Guid(558255460b74ec04fa70b5570e9327bd) Importer(815301076,1909f56bfc062723c751e8b465ee728b)  -> (artifact id: 'a116e3d8066d532e61682f07343798c6') in 0.006076 seconds
  Import took 0.010304 seconds .

========================================================================
Received Import Request.
  Time since last request: 0.054444 seconds.
  path: Assets/Presets/AudioCompressedInMemory.preset
  artifactKey: Guid(2dd802e4d37c65149922028d3e973832) Importer(815301076,1909f56bfc062723c751e8b465ee728b)
Start importing Assets/Presets/AudioCompressedInMemory.preset using Guid(2dd802e4d37c65149922028d3e973832) Importer(815301076,1909f56bfc062723c751e8b465ee728b)  -> (artifact id: '439c2fec0c64ca7fdfdafd1b5e4673fd') in 0.012938 seconds
  Import took 0.016552 seconds .

========================================================================
Received Import Request.
  Time since last request: 0.000309 seconds.
  path: Assets/Presets/AudioStreaming.preset
  artifactKey: Guid(86bcce7f5575b54408aa0f3a7d321039) Importer(815301076,1909f56bfc062723c751e8b465ee728b)
Start importing Assets/Presets/AudioStreaming.preset using Guid(86bcce7f5575b54408aa0f3a7d321039) Importer(815301076,1909f56bfc062723c751e8b465ee728b)  -> (artifact id: 'acc3d3bfe3f3a8617843ccbd8aef9a36') in 0.003412 seconds
  Import took 0.007420 seconds .

========================================================================
Received Import Request.
  Time since last request: 0.000252 seconds.
  path: Assets/Presets/NormalTexture.preset
  artifactKey: Guid(14a57cf3b9fa1c74b884aa7e0dcf1faa) Importer(815301076,1909f56bfc062723c751e8b465ee728b)
Start importing Assets/Presets/NormalTexture.preset using Guid(14a57cf3b9fa1c74b884aa7e0dcf1faa) Importer(815301076,1909f56bfc062723c751e8b465ee728b)  -> (artifact id: 'b518cde7da1eb7ce7096b4c5a8659286') in 0.005884 seconds
  Import took 0.010609 seconds .

========================================================================
Received Import Request.
  Time since last request: 0.000348 seconds.
  path: Assets/Presets/UtilityTexture.preset
  artifactKey: Guid(45f7b2e3c78185248b3adbb14429c2ab) Importer(815301076,1909f56bfc062723c751e8b465ee728b)
Start importing Assets/Presets/UtilityTexture.preset using Guid(45f7b2e3c78185248b3adbb14429c2ab) Importer(815301076,1909f56bfc062723c751e8b465ee728b)  -> (artifact id: 'd43a0b3f92f8edeb5e7460f2e609a243') in 0.004501 seconds
  Import took 0.009285 seconds .

========================================================================
Received Import Request.
  Time since last request: 2.033646 seconds.
  path: Assets/Materials/Skybox_Mat.mat
  artifactKey: Guid(0ffaa0b7117ba8c47a9d05ae701d4b4d) Importer(815301076,1909f56bfc062723c751e8b465ee728b)
Start importing Assets/Materials/Skybox_Mat.mat using Guid(0ffaa0b7117ba8c47a9d05ae701d4b4d) Importer(815301076,1909f56bfc062723c751e8b465ee728b)  -> (artifact id: '0c78ca3ff60631bfbb4287b5a9d2fb93') in 0.145442 seconds
  Import took 0.149987 seconds .

========================================================================
Received Import Request.
  Time since last request: 152.185423 seconds.
  path: Assets/PlayerMovement.cs
  artifactKey: Guid(c82064ae222cfa949bcf5f1ce91a7d59) Importer(815301076,1909f56bfc062723c751e8b465ee728b)
Start importing Assets/PlayerMovement.cs using Guid(c82064ae222cfa949bcf5f1ce91a7d59) Importer(815301076,1909f56bfc062723c751e8b465ee728b)  -> (artifact id: '7705de9725b732b7fbac7066653ba834') in 0.003002 seconds
  Import took 0.008240 seconds .

========================================================================
Received Prepare
Registering precompiled user dll's ...
Registered in 0.001649 seconds.
Begin MonoManager ReloadAssembly
Native extension for WindowsStandalone target not found
Refreshing native plugins compatible for Editor in 40.71 ms, found 0 plugins.
Preloading 0 native plugins for Editor in 0.00 ms.
Mono: successfully reloaded assembly
- Completed reload, in  0.722 seconds
Platform modules already initialized, skipping
Shader 'Universal Render Pipeline/Particles/Lit': fallback shader 'Universal Render Pipeline/Particles/SimpleLit' not found
Shader 'Universal Render Pipeline/Particles/Lit': fallback shader 'Universal Render Pipeline/Particles/SimpleLit' not found
Refreshing native plugins compatible for Editor in 0.41 ms, found 0 plugins.
Preloading 0 native plugins for Editor in 0.00 ms.
Unloading 2640 Unused Serialized files (Serialized files now loaded: 0)
System memory in use before: 126.0 MB.
System memory in use after: 122.2 MB.

Unloading 104 unused Assets to reduce memory usage. Loaded Objects now: 3187.
Total: 3.977000 ms (FindLiveObjects: 0.406400 ms CreateObjectMapping: 0.160300 ms MarkObjects: 1.389900 ms  DeleteObjects: 2.018700 ms)

AssetImportParameters requested are different than current active one (requested -> active):
  custom:srp/default-shader: 0000e00a000e0de00000e000e0000000 -> 00a0da0d000000000000000000000000
========================================================================
Received Import Request.
  Time since last request: 749.640862 seconds.
  path: Assets/Input Actions.inputactions
  artifactKey: Guid(a62893f30e9d34745b0bfcd6885a8140) Importer(815301076,1909f56bfc062723c751e8b465ee728b)
Start importing Assets/Input Actions.inputactions using Guid(a62893f30e9d34745b0bfcd6885a8140) Importer(815301076,1909f56bfc062723c751e8b465ee728b) Diagnostics callstack to track who triggered the sub-import:
0x00007ff759e70622 (Unity) ImporterAssetResolver::ResolveAsset
0x00007ff759ed8a92 (Unity) ResolveArtifactV2
0x00007ff759f33910 (Unity) ImportToObjects
0x00007ff759f32b48 (Unity) AssetImportWorker::Import
0x00007ff759e91fef (Unity) <lambda_77c748ffdfab40a7d87ea62709a69e39>::operator()
0x00007ff759f5d662 (Unity) asio::detail::completion_handler<core::mutable_function<void __cdecl(void)> >::do_complete
0x00007ff759f5f7c0 (Unity) asio::detail::win_iocp_io_service::do_one
0x00007ff759f62f4e (Unity) asio::io_service::run
0x00007ff759ed8fd0 (Unity) RunAssetImportWorkerClientV2
0x00007ff759ed9020 (Unity) RunAssetImporterV2
0x00007ff7593e4266 (Unity) Application::InitializeProject
0x00007ff759d64bb2 (Unity) WinMain
0x00007ff75bbe2a36 (Unity) __scrt_common_main_seh
0x00007ffbd4867c24 (KERNEL32) BaseThreadInitThunk
0x00007ffbd576d4d1 (ntdll) RtlUserThreadStart

Requesting import of Guid(a62893f30e9d34745b0bfcd6885a8140) Importer(-1,00000000000000000000000000000000), Assets/Input Actions.inputactions from editor
Resuming Guid(a62893f30e9d34745b0bfcd6885a8140) Importer(-1,00000000000000000000000000000000) -> 02e364228424c340c45973b292f0c39b 
Assertion failed on expression: 'state.state == kUpToDate'

Assertion failed on expression: 'state.artifactID == result'

Diagnostics callstack to track who triggered the sub-import:
0x00007ff759e70622 (Unity) ImporterAssetResolver::ResolveAsset
0x00007ff759ed8a92 (Unity) ResolveArtifactV2
0x00007ff759ed3651 (Unity) ProduceArtifactV2
0x00007ff759e39b4e (Unity) AssetDatabase::ProduceArtifact
0x00007ff759e1f208 (Unity) PreviewImporter::GenerateAssetData
0x00007ff759f33cd9 (Unity) ImportToObjects
0x00007ff759f32b48 (Unity) AssetImportWorker::Import
0x00007ff759e91fef (Unity) <lambda_77c748ffdfab40a7d87ea62709a69e39>::operator()
0x00007ff759f5d662 (Unity) asio::detail::completion_handler<core::mutable_function<void __cdecl(void)> >::do_complete
0x00007ff759f5f7c0 (Unity) asio::detail::win_iocp_io_service::do_one
0x00007ff759f62f4e (Unity) asio::io_service::run
0x00007ff759ed8fd0 (Unity) RunAssetImportWorkerClientV2
0x00007ff759ed9020 (Unity) RunAssetImporterV2
0x00007ff7593e4266 (Unity) Application::InitializeProject
0x00007ff759d64bb2 (Unity) WinMain
0x00007ff75bbe2a36 (Unity) __scrt_common_main_seh
0x00007ffbd4867c24 (KERNEL32) BaseThreadInitThunk
0x00007ffbd576d4d1 (ntdll) RtlUserThreadStart

Requesting import of Guid(a62893f30e9d34745b0bfcd6885a8140) Importer(-1,00000000000000000000000000000000), Assets/Input Actions.inputactions from editor
Resuming Guid(a62893f30e9d34745b0bfcd6885a8140) Importer(-1,00000000000000000000000000000000) -> 02e364228424c340c45973b292f0c39b 
Assertion failed on expression: 'state.state == kUpToDate'

Assertion failed on expression: 'state.artifactID == result'

 -> (artifact id: '7dd232d7052b641ef7f86bd24dad3278') in 1.692753 seconds
  Import took 1.697143 seconds .

AssetImportWorkerClient::OnTransportError - code=2 error=End of file
