Using pre-set license
Built from '2020.3/release' branch; Version is '2020.3.7f1 (dd97f2c94397) revision 14522354'; Using compiler version '192528614'; Build Type 'Release'
OS: 'Windows 10 Pro; OS build 18362.1256; Version 1903; 64bit' Language: 'en' Physical Memory: 8044 MB
BatchMode: 1, IsHumanControllingUs: 0, StartBugReporterOnCrash: 0, Is64bit: 1, IsPro: 0

 COMMAND LINE ARGUMENTS:
C:\Users\marcospgp\Documents\Unity\2020.3.7f1\Editor\Unity.exe
-adb2
-batchMode
-noUpm
-name
AssetImportWorker0
-projectPath
C:/Users/marcospgp/Documents/Unity/Projects/Hand Sway
-logFile
Logs/AssetImportWorker0.log
-srvPort
54202
Successfully changed project path to: C:/Users/marcospgp/Documents/Unity/Projects/Hand Sway
C:/Users/marcospgp/Documents/Unity/Projects/Hand Sway
Using Asset Import Pipeline V2.
Refreshing native plugins compatible for Editor in 56.26 ms, found 0 plugins.
Preloading 0 native plugins for Editor in 0.00 ms.
Initialize engine version: 2020.3.7f1 (dd97f2c94397)
[Subsystems] Discovering subsystems at path C:/Users/marcospgp/Documents/Unity/2020.3.7f1/Editor/Data/Resources/UnitySubsystems
[Subsystems] Discovering subsystems at path C:/Users/marcospgp/Documents/Unity/Projects/Hand Sway/Assets
GfxDevice: creating device client; threaded=0
Direct3D:
    Version:  Direct3D 11.0 [level 11.1]
    Renderer: NVIDIA GeForce GTX 1050 (ID=0x1c8d)
    Vendor:   
    VRAM:     4019 MB
    Driver:   27.21.14.5241
Initialize mono
Mono path[0] = 'C:/Users/marcospgp/Documents/Unity/2020.3.7f1/Editor/Data/Managed'
Mono path[1] = 'C:/Users/marcospgp/Documents/Unity/2020.3.7f1/Editor/Data/MonoBleedingEdge/lib/mono/unityjit'
Mono config path = 'C:/Users/marcospgp/Documents/Unity/2020.3.7f1/Editor/Data/MonoBleedingEdge/etc'
Using monoOptions --debugger-agent=transport=dt_socket,embedding=1,server=y,suspend=n,address=127.0.0.1:56880
Begin MonoManager ReloadAssembly
Registering precompiled unity dll's ...
Register platform support module: C:/Users/marcospgp/Documents/Unity/2020.3.7f1/Editor/Data/PlaybackEngines/WebGLSupport/UnityEditor.WebGL.Extensions.dll
Register platform support module: C:/Users/marcospgp/Documents/Unity/2020.3.7f1/Editor/Data/PlaybackEngines/WindowsStandaloneSupport/UnityEditor.WindowsStandalone.Extensions.dll
Registered in 0.003404 seconds.
Native extension for WindowsStandalone target not found
Native extension for WebGL target not found
Refreshing native plugins compatible for Editor in 85.91 ms, found 0 plugins.
Preloading 0 native plugins for Editor in 0.00 ms.
Mono: successfully reloaded assembly
- Completed reload, in  2.056 seconds
Platform modules already initialized, skipping
Registering precompiled user dll's ...
Registered in 0.001968 seconds.
Begin MonoManager ReloadAssembly
Native extension for WindowsStandalone target not found
Native extension for WebGL target not found
Refreshing native plugins compatible for Editor in 70.40 ms, found 0 plugins.
Preloading 0 native plugins for Editor in 0.00 ms.
Mono: successfully reloaded assembly
- Completed reload, in  2.218 seconds
Platform modules already initialized, skipping
========================================================================
Worker process is ready to serve import requests
Shader 'Universal Render Pipeline/Particles/Lit': fallback shader 'Universal Render Pipeline/Particles/SimpleLit' not found
Shader 'Universal Render Pipeline/Particles/Lit': fallback shader 'Universal Render Pipeline/Particles/SimpleLit' not found
Launched and connected shader compiler UnityShaderCompiler.exe after 0.06 seconds
Refreshing native plugins compatible for Editor in 0.96 ms, found 0 plugins.
Preloading 0 native plugins for Editor in 0.00 ms.
Unloading 2717 Unused Serialized files (Serialized files now loaded: 0)
System memory in use before: 124.0 MB.
System memory in use after: 121.3 MB.

Unloading 47 unused Assets to reduce memory usage. Loaded Objects now: 3131.
Total: 4.843200 ms (FindLiveObjects: 0.437700 ms CreateObjectMapping: 0.263000 ms MarkObjects: 2.702100 ms  DeleteObjects: 1.438800 ms)

========================================================================
Received Import Request.
  path: Assets/Components/Player/Player.prefab
  artifactKey: Guid(f674dd5bd2b670d43a342f0d35c0a022) Importer(815301076,1909f56bfc062723c751e8b465ee728b)
Start importing Assets/Components/Player/Player.prefab using Guid(f674dd5bd2b670d43a342f0d35c0a022) Importer(815301076,1909f56bfc062723c751e8b465ee728b)  -> (artifact id: '6dc0e9b799fade1b75d45706c48dec02') in 0.369828 seconds
  Import took 0.377755 seconds .

========================================================================
Received Prepare
Shader 'Universal Render Pipeline/Particles/Lit': fallback shader 'Universal Render Pipeline/Particles/SimpleLit' not found
Shader 'Universal Render Pipeline/Particles/Lit': fallback shader 'Universal Render Pipeline/Particles/SimpleLit' not found
Refreshing native plugins compatible for Editor in 1.55 ms, found 0 plugins.
Preloading 0 native plugins for Editor in 0.00 ms.
Unloading 38 Unused Serialized files (Serialized files now loaded: 0)
System memory in use before: 73.9 MB.
System memory in use after: 71.2 MB.

Unloading 38 unused Assets to reduce memory usage. Loaded Objects now: 3204.
Total: 7.033100 ms (FindLiveObjects: 0.415600 ms CreateObjectMapping: 0.174000 ms MarkObjects: 4.106300 ms  DeleteObjects: 2.335500 ms)

========================================================================
Received Import Request.
  Time since last request: 31.344319 seconds.
  path: Assets/Components/Player/Player.prefab
  artifactKey: Guid(f674dd5bd2b670d43a342f0d35c0a022) Importer(815301076,1909f56bfc062723c751e8b465ee728b)
Start importing Assets/Components/Player/Player.prefab using Guid(f674dd5bd2b670d43a342f0d35c0a022) Importer(815301076,1909f56bfc062723c751e8b465ee728b)  -> (artifact id: '8c6fc2dac7d930e7515f41a99866a540') in 0.011169 seconds
  Import took 0.016718 seconds .

========================================================================
Received Import Request.
  Time since last request: 2.711838 seconds.
  path: Assets/Components/Player/Player.prefab
  artifactKey: Guid(f674dd5bd2b670d43a342f0d35c0a022) Importer(815301076,1909f56bfc062723c751e8b465ee728b)
Start importing Assets/Components/Player/Player.prefab using Guid(f674dd5bd2b670d43a342f0d35c0a022) Importer(815301076,1909f56bfc062723c751e8b465ee728b)  -> (artifact id: '1db61269265edb4ca14abf91fffb3e02') in 0.010202 seconds
  Import took 0.015865 seconds .

========================================================================
Received Prepare
Registering precompiled user dll's ...
Registered in 0.001714 seconds.
Begin MonoManager ReloadAssembly
Native extension for WindowsStandalone target not found
Native extension for WebGL target not found
Refreshing native plugins compatible for Editor in 0.59 ms, found 0 plugins.
Preloading 0 native plugins for Editor in 0.00 ms.
Mono: successfully reloaded assembly
- Completed reload, in  1.243 seconds
Platform modules already initialized, skipping
Shader 'Universal Render Pipeline/Particles/Lit': fallback shader 'Universal Render Pipeline/Particles/SimpleLit' not found
Shader 'Universal Render Pipeline/Particles/Lit': fallback shader 'Universal Render Pipeline/Particles/SimpleLit' not found
Refreshing native plugins compatible for Editor in 0.69 ms, found 0 plugins.
Preloading 0 native plugins for Editor in 0.00 ms.
Unloading 2643 Unused Serialized files (Serialized files now loaded: 0)
System memory in use before: 125.9 MB.
System memory in use after: 123.2 MB.

Unloading 40 unused Assets to reduce memory usage. Loaded Objects now: 3180.
Total: 5.122000 ms (FindLiveObjects: 0.383000 ms CreateObjectMapping: 0.219100 ms MarkObjects: 2.778700 ms  DeleteObjects: 1.739700 ms)

========================================================================
Received Import Request.
  Time since last request: 175.415444 seconds.
  path: Assets/Components/Player/Player.prefab
  artifactKey: Guid(f674dd5bd2b670d43a342f0d35c0a022) Importer(815301076,1909f56bfc062723c751e8b465ee728b)
Start importing Assets/Components/Player/Player.prefab using Guid(f674dd5bd2b670d43a342f0d35c0a022) Importer(815301076,1909f56bfc062723c751e8b465ee728b)  -> (artifact id: '77e9f5f76f09c25697d93482b6021273') in 0.165253 seconds
  Import took 0.171509 seconds .

========================================================================
Received Import Request.
  Time since last request: 4.543192 seconds.
  path: Assets/Components/Player/Player.prefab
  artifactKey: Guid(f674dd5bd2b670d43a342f0d35c0a022) Importer(815301076,1909f56bfc062723c751e8b465ee728b)
Start importing Assets/Components/Player/Player.prefab using Guid(f674dd5bd2b670d43a342f0d35c0a022) Importer(815301076,1909f56bfc062723c751e8b465ee728b)  -> (artifact id: 'ffabdc7d69362cb023462bc3b79813d2') in 0.014157 seconds
  Import took 0.019777 seconds .

========================================================================
Received Prepare
Registering precompiled user dll's ...
Registered in 0.001393 seconds.
Begin MonoManager ReloadAssembly
Native extension for WindowsStandalone target not found
Native extension for WebGL target not found
Refreshing native plugins compatible for Editor in 0.45 ms, found 0 plugins.
Preloading 0 native plugins for Editor in 0.00 ms.
Mono: successfully reloaded assembly
- Completed reload, in  0.993 seconds
Platform modules already initialized, skipping
Shader 'Universal Render Pipeline/Particles/Lit': fallback shader 'Universal Render Pipeline/Particles/SimpleLit' not found
Shader 'Universal Render Pipeline/Particles/Lit': fallback shader 'Universal Render Pipeline/Particles/SimpleLit' not found
Refreshing native plugins compatible for Editor in 0.45 ms, found 0 plugins.
Preloading 0 native plugins for Editor in 0.00 ms.
Unloading 2643 Unused Serialized files (Serialized files now loaded: 0)
System memory in use before: 126.1 MB.
System memory in use after: 123.4 MB.

Unloading 40 unused Assets to reduce memory usage. Loaded Objects now: 3219.
Total: 3.968500 ms (FindLiveObjects: 0.368800 ms CreateObjectMapping: 0.170700 ms MarkObjects: 2.060500 ms  DeleteObjects: 1.367300 ms)

========================================================================
Received Import Request.
  Time since last request: 87.568737 seconds.
  path: Assets/Components/Player/Player.prefab
  artifactKey: Guid(f674dd5bd2b670d43a342f0d35c0a022) Importer(815301076,1909f56bfc062723c751e8b465ee728b)
Start importing Assets/Components/Player/Player.prefab using Guid(f674dd5bd2b670d43a342f0d35c0a022) Importer(815301076,1909f56bfc062723c751e8b465ee728b)  -> (artifact id: 'deb4f3e414810f007daeb13a7a9a466b') in 0.152208 seconds
  Import took 0.157113 seconds .

========================================================================
Received Import Request.
  Time since last request: 4.093273 seconds.
  path: Assets/Components/Player/Player.prefab
  artifactKey: Guid(f674dd5bd2b670d43a342f0d35c0a022) Importer(815301076,1909f56bfc062723c751e8b465ee728b)
Start importing Assets/Components/Player/Player.prefab using Guid(f674dd5bd2b670d43a342f0d35c0a022) Importer(815301076,1909f56bfc062723c751e8b465ee728b)  -> (artifact id: '52e330c3324cd45588d4fc438ae39862') in 0.019313 seconds
  Import took 0.026173 seconds .

========================================================================
Received Prepare
Registering precompiled user dll's ...
Registered in 0.001395 seconds.
Begin MonoManager ReloadAssembly
Native extension for WindowsStandalone target not found
Native extension for WebGL target not found
Refreshing native plugins compatible for Editor in 0.50 ms, found 0 plugins.
Preloading 0 native plugins for Editor in 0.00 ms.
Mono: successfully reloaded assembly
- Completed reload, in  1.080 seconds
Platform modules already initialized, skipping
Shader 'Universal Render Pipeline/Particles/Lit': fallback shader 'Universal Render Pipeline/Particles/SimpleLit' not found
Shader 'Universal Render Pipeline/Particles/Lit': fallback shader 'Universal Render Pipeline/Particles/SimpleLit' not found
Refreshing native plugins compatible for Editor in 0.44 ms, found 0 plugins.
Preloading 0 native plugins for Editor in 0.00 ms.
Unloading 2643 Unused Serialized files (Serialized files now loaded: 0)
System memory in use before: 126.2 MB.
System memory in use after: 123.6 MB.

Unloading 40 unused Assets to reduce memory usage. Loaded Objects now: 3258.
Total: 4.680400 ms (FindLiveObjects: 0.509200 ms CreateObjectMapping: 0.249600 ms MarkObjects: 2.495900 ms  DeleteObjects: 1.424300 ms)

========================================================================
Received Prepare
Registering precompiled user dll's ...
Registered in 0.001988 seconds.
Begin MonoManager ReloadAssembly
Native extension for WindowsStandalone target not found
Native extension for WebGL target not found
Refreshing native plugins compatible for Editor in 0.42 ms, found 0 plugins.
Preloading 0 native plugins for Editor in 0.00 ms.
Mono: successfully reloaded assembly
- Completed reload, in  0.865 seconds
Platform modules already initialized, skipping
Shader 'Universal Render Pipeline/Particles/Lit': fallback shader 'Universal Render Pipeline/Particles/SimpleLit' not found
Shader 'Universal Render Pipeline/Particles/Lit': fallback shader 'Universal Render Pipeline/Particles/SimpleLit' not found
Refreshing native plugins compatible for Editor in 0.45 ms, found 0 plugins.
Preloading 0 native plugins for Editor in 0.00 ms.
Unloading 2643 Unused Serialized files (Serialized files now loaded: 0)
System memory in use before: 126.3 MB.
System memory in use after: 123.6 MB.

Unloading 40 unused Assets to reduce memory usage. Loaded Objects now: 3261.
Total: 4.412200 ms (FindLiveObjects: 0.439700 ms CreateObjectMapping: 0.175700 ms MarkObjects: 2.168000 ms  DeleteObjects: 1.626800 ms)

========================================================================
Received Prepare
Registering precompiled user dll's ...
Registered in 0.001585 seconds.
Begin MonoManager ReloadAssembly
Native extension for WindowsStandalone target not found
Native extension for WebGL target not found
Refreshing native plugins compatible for Editor in 0.43 ms, found 0 plugins.
Preloading 0 native plugins for Editor in 0.00 ms.
Mono: successfully reloaded assembly
- Completed reload, in  0.886 seconds
Platform modules already initialized, skipping
Shader 'Universal Render Pipeline/Particles/Lit': fallback shader 'Universal Render Pipeline/Particles/SimpleLit' not found
Shader 'Universal Render Pipeline/Particles/Lit': fallback shader 'Universal Render Pipeline/Particles/SimpleLit' not found
Refreshing native plugins compatible for Editor in 0.45 ms, found 0 plugins.
Preloading 0 native plugins for Editor in 0.00 ms.
Unloading 2643 Unused Serialized files (Serialized files now loaded: 0)
System memory in use before: 126.3 MB.
System memory in use after: 123.6 MB.

Unloading 40 unused Assets to reduce memory usage. Loaded Objects now: 3264.
Total: 4.290600 ms (FindLiveObjects: 0.319600 ms CreateObjectMapping: 0.149800 ms MarkObjects: 2.143500 ms  DeleteObjects: 1.676000 ms)

